{"/Users/mbmakk/Desktop/unit-test-jest/src/service/math.js": {"path":"/Users/mbmakk/Desktop/unit-test-jest/src/service/math.js","statementMap":{"0":{"start":{"line":2,"column":4},"end":{"line":2,"column":17}},"1":{"start":{"line":6,"column":4},"end":{"line":6,"column":17}},"2":{"start":{"line":10,"column":4},"end":{"line":10,"column":15}},"3":{"start":{"line":14,"column":4},"end":{"line":14,"column":15}},"4":{"start":{"line":18,"column":2},"end":{"line":23,"column":4}}},"fnMap":{"0":{"name":"add","decl":{"start":{"line":1,"column":9},"end":{"line":1,"column":12}},"loc":{"start":{"line":1,"column":19},"end":{"line":3,"column":3}},"line":1},"1":{"name":"subtract","decl":{"start":{"line":5,"column":11},"end":{"line":5,"column":19}},"loc":{"start":{"line":5,"column":26},"end":{"line":7,"column":3}},"line":5},"2":{"name":"multiply","decl":{"start":{"line":9,"column":11},"end":{"line":9,"column":19}},"loc":{"start":{"line":9,"column":26},"end":{"line":11,"column":3}},"line":9},"3":{"name":"divide","decl":{"start":{"line":13,"column":11},"end":{"line":13,"column":17}},"loc":{"start":{"line":13,"column":24},"end":{"line":15,"column":3}},"line":13}},"branchMap":{},"s":{"0":3,"1":1,"2":1,"3":1,"4":1},"f":{"0":3,"1":1,"2":1,"3":1},"b":{},"_coverageSchema":"1a1c01bbd47fc00a2c39e90264f33305004495a9","hash":"e14421e3a0087ed0f0f0ff5dbb777730c95f2a70"}
}
